{
  "0 debug pnpm:scope": {
    "selected": 1
  },
  "1 error pnpm": {
    "errno": 1,
    "code": "ELIFECYCLE",
    "pkgid": "purstags@",
    "stage": "repl",
    "script": "spago -x tests.dhall repl",
    "pkgname": "purstags",
    "err": {
      "name": "pnpm",
      "message": "purstags@ repl: `spago -x tests.dhall repl`\nExit status 1",
      "code": "ELIFECYCLE",
      "stack": "pnpm: purstags@ repl: `spago -x tests.dhall repl`\nExit status 1\n    at EventEmitter.<anonymous> (/home/pure/.local/share/pnpm/nodejs/16.13.0/pnpm-global/5/node_modules/.pnpm/pnpm@6.20.0/node_modules/pnpm/dist/pnpm.cjs:105915:20)\n    at EventEmitter.emit (node:events:390:28)\n    at ChildProcess.<anonymous> (/home/pure/.local/share/pnpm/nodejs/16.13.0/pnpm-global/5/node_modules/.pnpm/pnpm@6.20.0/node_modules/pnpm/dist/pnpm.cjs:93855:18)\n    at ChildProcess.emit (node:events:390:28)\n    at maybeClose (node:internal/child_process:1064:16)\n    at Process.ChildProcess._handle.onexit (node:internal/child_process:301:5)"
    }
  },
  "2 warn pnpm:global": " Local package.json exists, but node_modules missing, did you mean to install?"
}